<?xml version="1.0" encoding="UTF-8"?>
<testsuite xmlns:xsi="http://www.w3.org/2001/XMLSchema-instance" xsi:noNamespaceSchemaLocation="https://maven.apache.org/surefire/maven-surefire-plugin/xsd/surefire-test-report-3.0.xsd" version="3.0" name="com.openfintechlab.jwe.RevealTest" time="0.791" tests="5" errors="0" skipped="0" failures="0">
  <properties>
[...]
</properties>
  <testcase name="mainRevealCommandPrintsMinifiedJsonToStdout" classname="com.openfintechlab.jwe.RevealTest" time="0.347"/>
  <testcase name="buildRevealRequestIncludesPemPrivateKeyOnlyInDebugMode" classname="com.openfintechlab.jwe.RevealTest" time="0.095"/>
  <testcase name="buildRevealRequestReturnsPublicKeyOnlyByDefault" classname="com.openfintechlab.jwe.RevealTest" time="0.105"/>
  <testcase name="mainRevealDebugCommandPrintsPrivateKeyInJson" classname="com.openfintechlab.jwe.RevealTest" time="0.083"/>
  <testcase name="generateRequestIdReturnsThirtyTwoLowercaseHexCharacters" classname="com.openfintechlab.jwe.RevealTest" time="0.001"/>
</testsuite>